<?xml version="1.0" encoding="UTF-8"?>
<!-- Generated by org.testng.reporters.JUnitXMLReporter -->
<testsuite ignored="1" hostname="DESKTOP-2KL9LVJ" failures="0" tests="4" name="Default test" time="0.33" errors="0" timestamp="2023-10-26T14:38:35 IST">
  <testcase classname="org.gff.DriveAcar" name="startTheCar" time="0.043"/>
  <testcase classname="org.gff.DriveAcar" name="putFirstGear" time="0.005"/>
  <testcase classname="org.gff.DriveAcar" name="putThirdGear" time="0.033"/>
  <testcase classname="org.gff.DriveAcar" name="putFourthGear" time="0.008"/>
  <testcase classname="org.gff.DriveAcar" name="putSecondGear" time="0.0">
    <ignored/>
  </testcase> <!-- putSecondGear -->
</testsuite> <!-- Default test -->
