<?xml version="1.0" encoding="UTF-8"?>
<testng-results ignored="1" total="5" passed="4" failed="0" skipped="0">
  <reporter-output>
  </reporter-output>
  <suite started-at="2023-10-26T14:38:35 IST" name="Default suite" finished-at="2023-10-26T14:38:35 IST" duration-ms="330">
    <groups>
    </groups>
    <test started-at="2023-10-26T14:38:35 IST" name="Default test" finished-at="2023-10-26T14:38:35 IST" duration-ms="330">
      <class name="org.gff.DriveAcar">
        <test-method signature="startTheCar()[pri:0, instance:org.gff.DriveAcar@1534f01b]" started-at="2023-10-26T14:38:35 IST" name="startTheCar" finished-at="2023-10-26T14:38:35 IST" duration-ms="43" status="PASS">
          <reporter-output>
          </reporter-output>
        </test-method> <!-- startTheCar -->
        <test-method signature="putFirstGear()[pri:1, instance:org.gff.DriveAcar@1534f01b]" started-at="2023-10-26T14:38:35 IST" name="putFirstGear" finished-at="2023-10-26T14:38:35 IST" duration-ms="5" status="PASS">
          <reporter-output>
          </reporter-output>
        </test-method> <!-- putFirstGear -->
        <test-method signature="putThirdGear()[pri:3, instance:org.gff.DriveAcar@1534f01b]" started-at="2023-10-26T14:38:35 IST" name="putThirdGear" finished-at="2023-10-26T14:38:35 IST" duration-ms="33" status="PASS">
          <reporter-output>
          </reporter-output>
        </test-method> <!-- putThirdGear -->
        <test-method signature="putFourthGear()[pri:4, instance:org.gff.DriveAcar@1534f01b]" started-at="2023-10-26T14:38:35 IST" name="putFourthGear" finished-at="2023-10-26T14:38:35 IST" duration-ms="8" status="PASS">
          <reporter-output>
          </reporter-output>
        </test-method> <!-- putFourthGear -->
      </class> <!-- org.gff.DriveAcar -->
    </test> <!-- Default test -->
  </suite> <!-- Default suite -->
</testng-results>
